Traceback (most recent call last):
  File "C:\Users\User\AppData\Local\Programs\Python\Python313\Lib\site-packages\urllib3\connectionpool.py", line 787, in urlopen
    response = self._make_request(
        conn,
    ...<10 lines>...
        **response_kw,
    )
  File "C:\Users\User\AppData\Local\Programs\Python\Python313\Lib\site-packages\urllib3\connectionpool.py", line 493, in _make_request
    conn.request(
    ~~~~~~~~~~~~^
        method,
        ^^^^^^^
    ...<6 lines>...
        enforce_content_length=enforce_content_length,
        ^^^^^^^^^^^^^^^^^^^^^^^^^^^^^^^^^^^^^^^^^^^^^^
    )
    ^
  File "C:\Users\User\AppData\Local\Programs\Python\Python313\Lib\site-packages\urllib3\connection.py", line 508, in request
    self.send(chunk)
    ~~~~~~~~~^^^^^^^
  File "C:\Users\User\AppData\Local\Programs\Python\Python313\Lib\http\client.py", line 1057, in send
    self.sock.sendall(data)
    ~~~~~~~~~~~~~~~~~^^^^^^
  File "C:\Users\User\AppData\Local\Programs\Python\Python313\Lib\ssl.py", line 1263, in sendall
    v = self.send(byte_view[count:])
  File "C:\Users\User\AppData\Local\Programs\Python\Python313\Lib\ssl.py", line 1232, in send
    return self._sslobj.write(data)
           ~~~~~~~~~~~~~~~~~~^^^^^^
ConnectionAbortedError: [WinError 10053] 確立された接続がホスト コンピューターのソウトウェアによって中止されました。

During handling of the above exception, another exception occurred:

Traceback (most recent call last):
  File "C:\Users\User\AppData\Local\Programs\Python\Python313\Lib\site-packages\requests\adapters.py", line 486, in send
    resp = conn.urlopen(
        method=request.method,
    ...<9 lines>...
        chunked=chunked,
    )
  File "C:\Users\User\AppData\Local\Programs\Python\Python313\Lib\site-packages\urllib3\connectionpool.py", line 841, in urlopen
    retries = retries.increment(
        method, url, error=new_e, _pool=self, _stacktrace=sys.exc_info()[2]
    )
  File "C:\Users\User\AppData\Local\Programs\Python\Python313\Lib\site-packages\urllib3\util\retry.py", line 474, in increment
    raise reraise(type(error), error, _stacktrace)
          ~~~~~~~^^^^^^^^^^^^^^^^^^^^^^^^^^^^^^^^^
  File "C:\Users\User\AppData\Local\Programs\Python\Python313\Lib\site-packages\urllib3\util\util.py", line 38, in reraise
    raise value.with_traceback(tb)
  File "C:\Users\User\AppData\Local\Programs\Python\Python313\Lib\site-packages\urllib3\connectionpool.py", line 787, in urlopen
    response = self._make_request(
        conn,
    ...<10 lines>...
        **response_kw,
    )
  File "C:\Users\User\AppData\Local\Programs\Python\Python313\Lib\site-packages\urllib3\connectionpool.py", line 493, in _make_request
    conn.request(
    ~~~~~~~~~~~~^
        method,
        ^^^^^^^
    ...<6 lines>...
        enforce_content_length=enforce_content_length,
        ^^^^^^^^^^^^^^^^^^^^^^^^^^^^^^^^^^^^^^^^^^^^^^
    )
    ^
  File "C:\Users\User\AppData\Local\Programs\Python\Python313\Lib\site-packages\urllib3\connection.py", line 508, in request
    self.send(chunk)
    ~~~~~~~~~^^^^^^^
  File "C:\Users\User\AppData\Local\Programs\Python\Python313\Lib\http\client.py", line 1057, in send
    self.sock.sendall(data)
    ~~~~~~~~~~~~~~~~~^^^^^^
  File "C:\Users\User\AppData\Local\Programs\Python\Python313\Lib\ssl.py", line 1263, in sendall
    v = self.send(byte_view[count:])
  File "C:\Users\User\AppData\Local\Programs\Python\Python313\Lib\ssl.py", line 1232, in send
    return self._sslobj.write(data)
           ~~~~~~~~~~~~~~~~~~^^^^^^
urllib3.exceptions.ProtocolError: ('Connection aborted.', ConnectionAbortedError(10053, '確立された接続がホスト コンピューターのソウトウェアによって中止されました。', None, 10053, None))

During handling of the above exception, another exception occurred:

Traceback (most recent call last):
  File "C:\Users\User\hatena-blog-suite\lib\thumbnail_task.py", line 80, in _upload_to_imgur
    response = requests.post(
        'https://api.imgur.com/3/image',
    ...<2 lines>...
        timeout=30
    )
  File "C:\Users\User\AppData\Local\Programs\Python\Python313\Lib\site-packages\requests\api.py", line 115, in post
    return request("post", url, data=data, json=json, **kwargs)
  File "C:\Users\User\AppData\Local\Programs\Python\Python313\Lib\site-packages\requests\api.py", line 59, in request
    return session.request(method=method, url=url, **kwargs)
           ~~~~~~~~~~~~~~~^^^^^^^^^^^^^^^^^^^^^^^^^^^^^^^^^^
  File "C:\Users\User\AppData\Local\Programs\Python\Python313\Lib\site-packages\requests\sessions.py", line 589, in request
    resp = self.send(prep, **send_kwargs)
  File "C:\Users\User\AppData\Local\Programs\Python\Python313\Lib\site-packages\requests\sessions.py", line 703, in send
    r = adapter.send(request, **kwargs)
  File "C:\Users\User\AppData\Local\Programs\Python\Python313\Lib\site-packages\requests\adapters.py", line 501, in send
    raise ConnectionError(err, request=request)
requests.exceptions.ConnectionError: ('Connection aborted.', ConnectionAbortedError(10053, '確立された接続がホスト コンピューターのソウトウェアによって中止されました。', None, 10053, None))
