2026-01-02 11:06:59 | DEBUG    | src.services.blog_rag_service                      | 候補記事 - URL: 'https://wellness-mom-diary.hatenablog.com/entry/2025/11/26/193519', Title: '【アフィリエイト】収益アップ！攻略ガイドブックを徹底解説...', Blog ID in URL: False, Text Blog ID: 'wellness-mom-diary.hatenablog.com'
2026-01-02 11:08:52 | INFO     | src.tasks.article_reviewer_task                    | Article review started: '【極秘】資産を倍増させる「加速の法則」MOPの罠と快感✨...'
2026-01-02 11:09:15 | INFO     | src.tasks.line_notifier_task                       | Message content:
Article published!

"【極秘】資産を倍増させる「加速の法則」MOPの罠と快感✨"
https://tekunikaru.hatenadiary.jp/entry/2026/01/02/110913
2026-01-02 11:20:52 | INFO     | src.tasks.article_reviewer_task                    | Article review started: '【衝撃】結局、移動平均線が「最強の指標」だった件について...'
2026-01-02 11:21:14 | INFO     | src.tasks.line_notifier_task                       | Message content:
Article published!

"【衝撃】結局、移動平均線が「最強の指標」だった件について"
https://tekunikaru.hatenadiary.jp/entry/2026/01/02/112113
2026-01-02 11:43:39 | INFO     | src.tasks.article_reviewer_task                    | Article review started: '【秘技】黄金比で未来を予言？仮想通貨を制するフィボナッチ術...'
2026-01-02 11:44:03 | INFO     | src.tasks.line_notifier_task                       | Message content:
Article published!

"【秘技】黄金比で未来を予言？仮想通貨を制するフィボナッチ術"
https://tekunikaru.hatenadiary.jp/entry/2026/01/02/114401
2026-01-02 16:31:59 | DEBUG    | src.services.blog_rag_service                      | 候補記事 - URL: 'https://wellness-mom-diary.hatenablog.com/entry/2025/11/26/193519', Title: '【アフィリエイト】収益アップ！攻略ガイドブックを徹底解説...', Blog ID in URL: False, Text Blog ID: 'wellness-mom-diary.hatenablog.com'
2026-01-02 16:31:59 | DEBUG    | src.services.blog_rag_service                      | 候補記事 - URL: 'https://wellness-mom-diary.hatenablog.com/entry/2025/11/09/205006', Title: '【保存版】会社を辞めて起業！僕を救ったブログの始め方｜初心者...', Blog ID in URL: False, Text Blog ID: 'wellness-mom-diary.hatenablog.com'
2026-01-02 17:13:44 | INFO     | src.tasks.article_reviewer_task                    | Article review started: '【衝撃】12％急騰でパニック？「焼き鳥代」で株を売る人の末路...'
2026-01-02 17:14:07 | INFO     | src.tasks.line_notifier_task                       | Message content:
Article published!

"【衝撃】12％急騰でパニック？「焼き鳥代」で株を売る人の末路"
https://tekunikaru.hatenadiary.jp/entry/2026/01/02/171406
2026-01-02 17:39:14 | DEBUG    | src.services.blog_rag_service                      | 候補記事 - URL: 'https://wellness-mom-diary.hatenablog.com/entry/2025/11/26/193519', Title: '【アフィリエイト】収益アップ！攻略ガイドブックを徹底解説...', Blog ID in URL: False, Text Blog ID: 'wellness-mom-diary.hatenablog.com'
