2025-12-31 12:31:35 | INFO     | src.tasks.article_reviewer_task                    | Article review started: '【指紋消失】大掃除で手がボロボロ？SNSの悲鳴を救う禁断の美容術...'
2025-12-31 12:32:12 | ERROR    | src.services.line_service                          | LINE APIエラー完全情報: status_code=429, error={"details": [], "message": "You have reached your monthly limit."}, message='Article published!

"【指紋消失】大掃除で手がボロボロ？SNSの悲鳴を救う禁断の美容術"
https://wellness-mom-diary.hatenablog.com/entry/2025/12/31/123210...'
2025-12-31 14:16:36 | INFO     | src.tasks.article_reviewer_task                    | Article review started: '【緊急告知】当ブログが守り抜く「一線」について...'
2025-12-31 14:17:01 | ERROR    | src.services.line_service                          | LINE APIエラー完全情報: status_code=429, error={"details": [], "message": "You have reached your monthly limit."}, message='Article published!

"【緊急告知】当ブログが守り抜く「一線」について"
https://kosodate-hub.hatenablog.com/entry/2025/12/31/141659...'
2025-12-31 16:24:43 | INFO     | src.tasks.article_reviewer_task                    | Article review started: '【禁断】2穴デビューの罠！格安トイの光と影と主婦のリアル...'
2025-12-31 16:25:06 | ERROR    | src.services.line_service                          | LINE APIエラー完全情報: status_code=429, error={"details": [], "message": "You have reached your monthly limit."}, message='Article published!

"【禁断】2穴デビューの罠！格安トイの光と影と主婦のリアル"
https://wellness-mom-diary.hatenablog.com/entry/2025/12/31/162505...'
2025-12-31 16:36:12 | INFO     | src.tasks.rag_similar_articles_fetcher             | RAG Search Query: 忙しい年末に効く「お預け」の魔法：名探偵津田と心の余裕 名探偵津田 水曜日のダウンタウン 師走のメンタルケア 【リポスト元記事】
タイトル: 「名探偵津田」の持ち越しが最高！師走を彩るワクワク感と共感...
2025-12-31 17:24:10 | INFO     | src.tasks.article_reviewer_task                    | Article review started: '【悲報】FXトレーダー、夜の営みもレバレッジ25倍説。...'
2025-12-31 17:24:37 | ERROR    | src.services.line_service                          | LINE APIエラー完全情報: status_code=429, error={"details": [], "message": "You have reached your monthly limit."}, message='Article published!

"【悲報】FXトレーダー、夜の営みもレバレッジ25倍説。"
https://tekunikaru.hatenadiary.jp/entry/2025/12/31/172435...'
2025-12-31 17:55:47 | DEBUG    | src.services.blog_rag_service                      | 候補記事 - URL: 'https://wellness-mom-diary.hatenablog.com/entry/2025/11/26/193519', Title: '【アフィリエイト】収益アップ！攻略ガイドブックを徹底解説...', Blog ID in URL: False, Text Blog ID: 'wellness-mom-diary.hatenablog.com'
2025-12-31 18:28:50 | DEBUG    | src.services.blog_rag_service                      | 候補記事 - URL: 'https://wellness-mom-diary.hatenablog.com/entry/2025/11/26/193519', Title: '【アフィリエイト】収益アップ！攻略ガイドブックを徹底解説...', Blog ID in URL: False, Text Blog ID: 'wellness-mom-diary.hatenablog.com'
2025-12-31 19:00:49 | INFO     | src.tasks.article_reviewer_task                    | Article review started: '【衝撃】2026年元旦、SNSの闇で掴む「生きた英語」検索術...'
2025-12-31 19:01:12 | ERROR    | src.services.line_service                          | LINE APIエラー完全情報: status_code=429, error={"details": [], "message": "You have reached your monthly limit."}, message='Article published!

"【衝撃】2026年元旦、SNSの闇で掴む「生きた英語」検索術"
https://motochan1969.hatenablog.com/entry/20251231/1767175271...'
2025-12-31 19:36:52 | DEBUG    | src.services.blog_rag_service                      | 候補記事 - URL: 'https://wellness-mom-diary.hatenablog.com/entry/2025/11/26/193519', Title: '【アフィリエイト】収益アップ！攻略ガイドブックを徹底解説...', Blog ID in URL: False, Text Blog ID: 'wellness-mom-diary.hatenablog.com'
